<?xml version="1.0" encoding="UTF-8"?>
<testng-results ignored="0" total="1" passed="1" failed="0" skipped="0">
  <reporter-output>
  </reporter-output>
  <suite started-at="2022-06-22T17:54:38 IST" name="appseConnectV1" finished-at="2022-06-22T17:55:03 IST" duration-ms="25022">
    <groups>
    </groups>
    <test started-at="2022-06-22T17:54:38 IST" name="appseConnect Test" finished-at="2022-06-22T17:55:03 IST" duration-ms="25022">
      <class name="com.appseConnect.testCases.TC_OnBoardingUrlCreationTest_006">
        <test-method is-config="true" signature="setUp(java.lang.String)[pri:0, instance:com.appseConnect.testCases.TC_OnBoardingUrlCreationTest_006@73e9cf30]" started-at="2022-06-22T17:54:38 IST" name="setUp" finished-at="2022-06-22T17:54:44 IST" duration-ms="6128" status="PASS">
          <params>
            <param index="0">
              <value>
                <![CDATA[chrome]]>
              </value>
            </param>
          </params>
          <reporter-output>
          </reporter-output>
        </test-method> <!-- setUp -->
        <test-method signature="addNewCustomer()[pri:0, instance:com.appseConnect.testCases.TC_OnBoardingUrlCreationTest_006@73e9cf30]" started-at="2022-06-22T17:54:44 IST" name="addNewCustomer" finished-at="2022-06-22T17:55:02 IST" duration-ms="17761" status="PASS">
          <reporter-output>
          </reporter-output>
        </test-method> <!-- addNewCustomer -->
        <test-method is-config="true" signature="tearDown()[pri:0, instance:com.appseConnect.testCases.TC_OnBoardingUrlCreationTest_006@73e9cf30]" started-at="2022-06-22T17:55:02 IST" name="tearDown" finished-at="2022-06-22T17:55:03 IST" duration-ms="869" status="PASS">
          <reporter-output>
          </reporter-output>
        </test-method> <!-- tearDown -->
      </class> <!-- com.appseConnect.testCases.TC_OnBoardingUrlCreationTest_006 -->
    </test> <!-- appseConnect Test -->
  </suite> <!-- appseConnectV1 -->
</testng-results>
