<?xml version="1.0" encoding="UTF-8"?>
<!-- Generated by org.testng.reporters.JUnitXMLReporter -->
<testsuite ignored="0" hostname="ITSL-LT52" failures="4" tests="10" name="appseConnect Test" time="123.237" errors="0" timestamp="2022-05-31T20:38:37 IST">
  <testcase classname="com.appseConnect.testCases.TC_LoginTest_001" name="loginTest" time="7.542"/>
  <testcase classname="com.appseConnect.testCases.TC_LoginTestDDT_002" name="loginTestDDT" time="20.913"/>
  <testcase classname="com.appseConnect.testCases.TC_LoginTestDDT_002" name="loginTestDDT" time="2.906">
    <failure type="java.lang.AssertionError" message="expected [true] but found [false]">
      <![CDATA[java.lang.AssertionError: expected [true] but found [false]
at com.appseConnect.testCases.TC_LoginTestDDT_002.loginTestDDT(TC_LoginTestDDT_002.java:40)
at java.base/java.util.ArrayList.forEach(ArrayList.java:1511)
... Removed 31 stack frames]]>
    </failure>
  </testcase> <!-- loginTestDDT -->
  <testcase classname="com.appseConnect.testCases.TC_LoginTestDDT_002" name="loginTestDDT" time="5.177"/>
  <testcase classname="com.appseConnect.testCases.TC_LoginTestDDT_002" name="loginTestDDT" time="7.602"/>
  <testcase classname="com.appseConnect.testCases.TC_LoginTestDDT_002" name="loginTestDDT" time="1.647">
    <failure type="java.lang.AssertionError" message="expected [true] but found [false]">
      <![CDATA[java.lang.AssertionError: expected [true] but found [false]
at com.appseConnect.testCases.TC_LoginTestDDT_002.loginTestDDT(TC_LoginTestDDT_002.java:40)
at java.base/java.util.ArrayList.forEach(ArrayList.java:1511)
... Removed 31 stack frames]]>
    </failure>
  </testcase> <!-- loginTestDDT -->
  <testcase classname="com.appseConnect.testCases.TC_LoginTestDDT_002" name="loginTestDDT" time="1.806">
    <failure type="java.lang.AssertionError" message="expected [true] but found [false]">
      <![CDATA[java.lang.AssertionError: expected [true] but found [false]
at com.appseConnect.testCases.TC_LoginTestDDT_002.loginTestDDT(TC_LoginTestDDT_002.java:40)
at java.base/java.util.ArrayList.forEach(ArrayList.java:1511)
... Removed 31 stack frames]]>
    </failure>
  </testcase> <!-- loginTestDDT -->
  <testcase classname="com.appseConnect.testCases.TC_LoginTestDDT_002" name="loginTestDDT" time="0.653">
    <failure type="java.lang.AssertionError" message="expected [true] but found [false]">
      <![CDATA[java.lang.AssertionError: expected [true] but found [false]
at com.appseConnect.testCases.TC_LoginTestDDT_002.loginTestDDT(TC_LoginTestDDT_002.java:40)
at java.base/java.util.ArrayList.forEach(ArrayList.java:1511)
... Removed 31 stack frames]]>
    </failure>
  </testcase> <!-- loginTestDDT -->
  <testcase classname="com.appseConnect.testCases.TC_LoginTestDDT_002" name="loginTestDDT" time="5.371"/>
  <testcase classname="com.appseConnect.testCases.TC_PFListingPageTest_003" name="checkPFListingPage" time="41.216"/>
</testsuite> <!-- appseConnect Test -->
